[34m[INFO][0m === Phase 1: Package Management ===
[34m[INFO][0m Updating package lists...
[34m[INFO][0m Installing base dependencies...
Reading package lists...
Building dependency tree...
Reading state information...
curl is already the newest version (8.5.0-2ubuntu10.8).
gnupg is already the newest version (2.4.4-2ubuntu17.4).
acl is already the newest version (2.3.2-1build1.1).
ufw is already the newest version (0.36.2-6).
0 upgraded, 0 newly installed, 0 to remove and 16 not upgraded.
[34m[INFO][0m Adding NodeSource GPG key and repository...
[34m[INFO][0m Downloading NodeJs Using the key and > Overwrites the file
[34m[INFO][0m Updating package lists for NodeSource...
[34m[INFO][0m Installing pinned versions of Nginx and Node.js...
Reading package lists...
Building dependency tree...
Reading state information...
nginx is already the newest version (1.24.0-2ubuntu7.6).
nodejs is already the newest version (20.20.0-1nodesource1).
0 upgraded, 0 newly installed, 0 to remove and 16 not upgraded.
[34m[INFO][0m Locking (holding) packages to prevent accidental upgrades...
[32m[SUCCESS][0m Packages installed and held. Nginx: 1.24.0-2ubuntu7.6 | Node: v20.20.0
[34m[INFO][0m === Phase 2: Service Accounts ===
[34m[INFO][0m Validated: Group 'kijanikiosk' already exists.
[34m[INFO][0m Validated: Service user 'kk-api' already exists.
[34m[INFO][0m Validated: Service user 'kk-payments' already exists.
[34m[INFO][0m Validated: Service user 'kk-logs' already exists.
[34m[INFO][0m Validated: User 'lemonsthedev' is already in kijanikiosk.
[34m[INFO][0m === Phase 3: Directory Architecture ===
[34m[INFO][0m Creating application directory tree...
[34m[INFO][0m Setting ownership and strict base permissions...
[34m[INFO][0m Applying Access Control Lists (ACLs) to the shared logs directory...
[32m[SUCCESS][0m Directories created and strict access controls applied.
[34m[INFO][0m === Phase 7: Journal Persistence and Log Rotation ===
[34m[INFO][0m Configuring persistent journald storage...
[32m[SUCCESS][0m Persistent journal configured for max 500MB.
[34m[INFO][0m Writing logrotate configuration for application logs...
[32m[SUCCESS][0m Logrotate configuration written.
[34m[INFO][0m === Phase 4: Deploying App Code & systemd ===
[34m[INFO][0m Deploying JavaScript source files...
[34m[INFO][0m Creating Environment Files...
[34m[INFO][0m Writing kk-api.service...
[34m[INFO][0m Writing kk-payments.service...
[34m[INFO][0m Writing kk-logs.service...
[34m[INFO][0m Reloading systemd and starting services...
[32m[SUCCESS][0m All services deployed. Dependency links and Hardening applied.
[34m[INFO][0m === Phase 5: Resetting and Configuring UFW (Intent-Based) ===
[34m[INFO][0m Resetting UFW to baseline...
Default incoming policy changed to 'deny'
(be sure to update your rules accordingly)
Default outgoing policy changed to 'allow'
(be sure to update your rules accordingly)
[34m[INFO][0m Applying loopback rules...
Rules updated
[34m[INFO][0m Applying strict CIDR allow rules...
Rules updated
Rules updated
Rules updated
[34m[INFO][0m Applying explicit denies...
Rules updated
Rules updated (v6)
[34m[INFO][0m Enabling UFW...
[32m[SUCCESS][0m UFW configured with deliberate intent and comments.
[34m[INFO][0m === Phase 8: Verification & Health Checks ===
[34m[INFO][0m Verifying service accounts...
[32m[SUCCESS][0m Account exists: kk-api
[32m[SUCCESS][0m Account exists: kk-payments
[32m[SUCCESS][0m Account exists: kk-logs
[34m[INFO][0m Verifying application directories...
[32m[SUCCESS][0m Directory exists: /opt/kijanikiosk/api
[32m[SUCCESS][0m Directory exists: /opt/kijanikiosk/payments
[32m[SUCCESS][0m Directory exists: /opt/kijanikiosk/shared/logs
[34m[INFO][0m Scanning for dangerous SUID files...
[32m[SUCCESS][0m No SUID files found in application tree.
[34m[INFO][0m Verifying package holds...
[32m[SUCCESS][0m Package held: nginx
[32m[SUCCESS][0m Package held: nodejs
[34m[INFO][0m Verifying API service...
[32m[SUCCESS][0m Service enabled: kk-api.service
[32m[SUCCESS][0m Network: Service is listening on port 3000
[34m[INFO][0m Verifying Payments service...
[32m[SUCCESS][0m Service enabled: kk-payments.service
[32m[SUCCESS][0m Network: Service is listening on port 3001
[34m[INFO][0m Verifying Logs service...
[32m[SUCCESS][0m Service enabled: kk-logs.service
[32m[SUCCESS][0m Process:kk-logs.service is actively running
[34m[INFO][0m Writing health check JSON file...
[32m[SUCCESS][0m Health check JSON written to /opt/kijanikiosk/health/last-provision.json
[34m[INFO][0m Verifying logrotate configuration syntax...
[32m[SUCCESS][0m Logrotate config passed debug check.
[34m[INFO][0m Verifying access model survives logrotate.
[32m[SUCCESS][0m PASS: kk-api can write to shared/logs after rotation
[34m[INFO][0m Verifying UFW ruleset programmatically...
[32m[SUCCESS][0m PASS: Firewall allows 3001 from loopback
[32m[SUCCESS][0m PASS: Firewall allows SSH specifically from 10.0.1.0/24
[32m[SUCCESS][0m PASS: Firewall explicitly denies 3001 from Anywhere
[34m[INFO][0m === Verification Summary ===
[32m[SUCCESS][0m All verification checks passed! Server is ready.
[34m[INFO][0m Provisioning complete!
